[debug] [2018-10-11T00:03:38.726Z] ----------------------------------------------------------------------
[debug] [2018-10-11T00:03:38.733Z] Command:       /home/taqi/.nvm/versions/node/v10.11.0/bin/node /home/taqi/.nvm/versions/node/v10.11.0/bin/firebase serve
[debug] [2018-10-11T00:03:38.734Z] CLI Version:   5.0.1
[debug] [2018-10-11T00:03:38.735Z] Platform:      linux
[debug] [2018-10-11T00:03:38.735Z] Node Version:  v10.11.0
[debug] [2018-10-11T00:03:39.663Z] Time:          Wed Oct 10 2018 19:03:38 GMT-0500 (GMT-05:00)
[debug] [2018-10-11T00:03:39.663Z] ----------------------------------------------------------------------
[debug] 
[debug] [2018-10-11T00:03:39.695Z] > command requires scopes: ["email","openid","https://www.googleapis.com/auth/cloudplatformprojects.readonly","https://www.googleapis.com/auth/firebase","https://www.googleapis.com/auth/cloud-platform"]
[debug] [2018-10-11T00:03:39.696Z] > authorizing via signed-in user
[debug] [2018-10-11T00:03:39.696Z] [iam] checking project restaurantapp10 for permissions ["firebase.projects.get"]
[debug] [2018-10-11T00:03:39.704Z] >>> HTTP REQUEST POST https://cloudresourcemanager.googleapis.com/v1/projects/restaurantapp10:testIamPermissions  

[debug] [2018-10-11T00:03:42.151Z] <<< HTTP RESPONSE 200
[debug] [2018-10-11T00:03:42.155Z] >>> HTTP REQUEST GET https://cloudresourcemanager.googleapis.com/v1/projects/restaurantapp10  
 
[debug] [2018-10-11T00:03:44.588Z] <<< HTTP RESPONSE 200
[info] 
[info] === Serving from '/mnt/e/restaurantapp10-master'...
[info] 
[debug] [2018-10-11T00:03:44.600Z] >>> HTTP REQUEST GET https://mobilesdk-pa.googleapis.com/v1/projects/757338862177/clients/_:getWebAppConfig  
 
[debug] [2018-10-11T00:03:46.178Z] <<< HTTP RESPONSE 200
[info] i  hosting: Serving hosting files from: ./
[info] ✔  hosting: Local server: http://localhost:5000
